<?xml version="1.0" encoding="UTF-8"?>
<!-- Generated by org.testng.reporters.JUnitReportReporter -->
<testsuite skipped="2" hostname="LAPTOP-DL44I5GH" name="com.mousiki.testscripts.Register" tests="2" failures="0" timestamp="2021-09-22T01:25:20 IST" time="0.000" errors="0">
  <testcase name="TC_appregistration_negativeflow" time="0.000" classname="com.mousiki.testscripts.Register">
    <skipped/>
  </testcase> <!-- TC_appregistration_negativeflow -->
  <system-out/>
  <testcase name="TC_appregistration_positiveflow" time="0.000" classname="com.mousiki.testscripts.Register">
    <skipped/>
  </testcase> <!-- TC_appregistration_positiveflow -->
  <system-out/>
</testsuite> <!-- com.mousiki.testscripts.Register -->
